# JRE version: OpenJDK Runtime Environment Temurin-17.0.8.1+1 (17.0.8.1+1) (build 17.0.8.1+1)
# Java VM: OpenJDK 64-Bit Server VM Temurin-17.0.8.1+1 (17.0.8.1+1, mixed mode, tiered, compressed oops, compressed class ptrs, parallel gc, linux-amd64)
GC Precious Log:
 CPUs: 8 total, 8 available
 Memory: 15835M
 Large Page Support: Disabled
 NUMA Support: Disabled
 Compressed Oops: Enabled (32-bit)
 Alignments: Space 512K, Generation 512K, Heap 2M
 Heap Min Capacity: 100M
 Heap Initial Capacity: 100M
 Heap Max Capacity: 1G
 Pre-touch: Disabled
 Parallel Workers: 8
Heap:
 PSYoungGen      total 51712K, used 24689K [0x00000000eab00000, 0x00000000eeb00000, 0x0000000100000000)
  eden space 38912K, 30% used [0x00000000eab00000,0x00000000eb6c45d0,0x00000000ed100000)
  from space 12800K, 98% used [0x00000000ed180000,0x00000000eddd7e40,0x00000000ede00000)
  to   space 13312K, 0% used [0x00000000ede00000,0x00000000ede00000,0x00000000eeb00000)
 ParOldGen       total 590848K, used 566417K [0x00000000c0000000, 0x00000000e4100000, 0x00000000eab00000)
  object space 590848K, 95% used [0x00000000c0000000,0x00000000e2924620,0x00000000e4100000)
 Metaspace       used 82526K, committed 83968K, reserved 1179648K
  class space    used 8801K, committed 9408K, reserved 1048576K
GC Heap History (20 events):
Event: 67,851 GC heap before
{Heap before GC invocations=189 (full 13):
 PSYoungGen      total 53248K, used 52217K [0x00000000eab00000, 0x00000000eeb00000, 0x0000000100000000)
  eden space 44544K, 100% used [0x00000000eab00000,0x00000000ed680000,0x00000000ed680000)
  from space 8704K, 88% used [0x00000000ed680000,0x00000000eddfe4b8,0x00000000edf00000)
  to   space 8192K, 0% used [0x00000000ee300000,0x00000000ee300000,0x00000000eeb00000)
 ParOldGen       total 590848K, used 547481K [0x00000000c0000000, 0x00000000e4100000, 0x00000000eab00000)
  object space 590848K, 92% used [0x00000000c0000000,0x00000000e16a64a8,0x00000000e4100000)
 Metaspace       used 82310K, committed 83776K, reserved 1179648K
  class space    used 8772K, committed 9408K, reserved 1048576K
}
Event: 67,871 GC heap after
{Heap after GC invocations=189 (full 13):
 PSYoungGen      total 52736K, used 8179K [0x00000000eab00000, 0x00000000ef380000, 0x0000000100000000)
  eden space 44544K, 0% used [0x00000000eab00000,0x00000000eab00000,0x00000000ed680000)
  from space 8192K, 99% used [0x00000000ee300000,0x00000000eeafce90,0x00000000eeb00000)
  to   space 12800K, 0% used [0x00000000ed680000,0x00000000ed680000,0x00000000ee300000)
 ParOldGen       total 590848K, used 551137K [0x00000000c0000000, 0x00000000e4100000, 0x00000000eab00000)
  object space 590848K, 93% used [0x00000000c0000000,0x00000000e1a384a8,0x00000000e4100000)
 Metaspace       used 82310K, committed 83776K, reserved 1179648K
  class space    used 8772K, committed 9408K, reserved 1048576K
}
Event: 68,117 GC heap before
{Heap before GC invocations=190 (full 13):
 PSYoungGen      total 52736K, used 52723K [0x00000000eab00000, 0x00000000ef380000, 0x0000000100000000)
  eden space 44544K, 100% used [0x00000000eab00000,0x00000000ed680000,0x00000000ed680000)
  from space 8192K, 99% used [0x00000000ee300000,0x00000000eeafce90,0x00000000eeb00000)
  to   space 12800K, 0% used [0x00000000ed680000,0x00000000ed680000,0x00000000ee300000)
 ParOldGen       total 590848K, used 551137K [0x00000000c0000000, 0x00000000e4100000, 0x00000000eab00000)
  object space 590848K, 93% used [0x00000000c0000000,0x00000000e1a384a8,0x00000000e4100000)
 Metaspace       used 82310K, committed 83776K, reserved 1179648K
  class space    used 8772K, committed 9408K, reserved 1048576K
}
Event: 68,135 GC heap after
{Heap after GC invocations=190 (full 13):
 PSYoungGen      total 57344K, used 11721K [0x00000000eab00000, 0x00000000ef280000, 0x0000000100000000)
  eden space 44544K, 0% used [0x00000000eab00000,0x00000000eab00000,0x00000000ed680000)
  from space 12800K, 91% used [0x00000000ed680000,0x00000000ee1f26a0,0x00000000ee300000)
  to   space 12288K, 0% used [0x00000000ee680000,0x00000000ee680000,0x00000000ef280000)
 ParOldGen       total 590848K, used 551841K [0x00000000c0000000, 0x00000000e4100000, 0x00000000eab00000)
  object space 590848K, 93% used [0x00000000c0000000,0x00000000e1ae84a8,0x00000000e4100000)
 Metaspace       used 82310K, committed 83776K, reserved 1179648K
  class space    used 8772K, committed 9408K, reserved 1048576K
}
Event: 68,654 GC heap before
{Heap before GC invocations=191 (full 13):
 PSYoungGen      total 57344K, used 56265K [0x00000000eab00000, 0x00000000ef280000, 0x0000000100000000)
  eden space 44544K, 100% used [0x00000000eab00000,0x00000000ed680000,0x00000000ed680000)
  from space 12800K, 91% used [0x00000000ed680000,0x00000000ee1f26a0,0x00000000ee300000)
  to   space 12288K, 0% used [0x00000000ee680000,0x00000000ee680000,0x00000000ef280000)
 ParOldGen       total 590848K, used 551841K [0x00000000c0000000, 0x00000000e4100000, 0x00000000eab00000)
  object space 590848K, 93% used [0x00000000c0000000,0x00000000e1ae84a8,0x00000000e4100000)
 Metaspace       used 82313K, committed 83776K, reserved 1179648K
  class space    used 8772K, committed 9408K, reserved 1048576K
}
Event: 68,676 GC heap after
{Heap after GC invocations=191 (full 13):
 PSYoungGen      total 51200K, used 6833K [0x00000000eab00000, 0x00000000eed80000, 0x0000000100000000)
  eden space 44032K, 0% used [0x00000000eab00000,0x00000000eab00000,0x00000000ed600000)
  from space 7168K, 95% used [0x00000000ee680000,0x00000000eed2c420,0x00000000eed80000)
  to   space 8704K, 0% used [0x00000000edc80000,0x00000000edc80000,0x00000000ee500000)
 ParOldGen       total 590848K, used 551841K [0x00000000c0000000, 0x00000000e4100000, 0x00000000eab00000)
  object space 590848K, 93% used [0x00000000c0000000,0x00000000e1ae84a8,0x00000000e4100000)
 Metaspace       used 82313K, committed 83776K, reserved 1179648K
  class space    used 8772K, committed 9408K, reserved 1048576K
}
Event: 69,116 GC heap before
{Heap before GC invocations=192 (full 13):
 PSYoungGen      total 51200K, used 50865K [0x00000000eab00000, 0x00000000eed80000, 0x0000000100000000)
  eden space 44032K, 100% used [0x00000000eab00000,0x00000000ed600000,0x00000000ed600000)
  from space 7168K, 95% used [0x00000000ee680000,0x00000000eed2c420,0x00000000eed80000)
  to   space 8704K, 0% used [0x00000000edc80000,0x00000000edc80000,0x00000000ee500000)
 ParOldGen       total 590848K, used 551841K [0x00000000c0000000, 0x00000000e4100000, 0x00000000eab00000)
  object space 590848K, 93% used [0x00000000c0000000,0x00000000e1ae84a8,0x00000000e4100000)
 Metaspace       used 82313K, committed 83776K, reserved 1179648K
  class space    used 8772K, committed 9408K, reserved 1048576K
}
Event: 69,144 GC heap after
{Heap after GC invocations=192 (full 13):
 PSYoungGen      total 49152K, used 5465K [0x00000000eab00000, 0x00000000ee700000, 0x0000000100000000)
  eden space 43520K, 0% used [0x00000000eab00000,0x00000000eab00000,0x00000000ed580000)
  from space 5632K, 97% used [0x00000000edc80000,0x00000000ee1d6710,0x00000000ee200000)
  to   space 5120K, 0% used [0x00000000ee200000,0x00000000ee200000,0x00000000ee700000)
 ParOldGen       total 590848K, used 551849K [0x00000000c0000000, 0x00000000e4100000, 0x00000000eab00000)
  object space 590848K, 93% used [0x00000000c0000000,0x00000000e1aea4a8,0x00000000e4100000)
 Metaspace       used 82313K, committed 83776K, reserved 1179648K
  class space    used 8772K, committed 9408K, reserved 1048576K
}
Event: 69,554 GC heap before
{Heap before GC invocations=193 (full 13):
 PSYoungGen      total 49152K, used 48985K [0x00000000eab00000, 0x00000000ee700000, 0x0000000100000000)
  eden space 43520K, 100% used [0x00000000eab00000,0x00000000ed580000,0x00000000ed580000)
  from space 5632K, 97% used [0x00000000edc80000,0x00000000ee1d6710,0x00000000ee200000)
  to   space 5120K, 0% used [0x00000000ee200000,0x00000000ee200000,0x00000000ee700000)
 ParOldGen       total 590848K, used 551849K [0x00000000c0000000, 0x00000000e4100000, 0x00000000eab00000)
  object space 590848K, 93% used [0x00000000c0000000,0x00000000e1aea4a8,0x00000000e4100000)
 Metaspace       used 82313K, committed 83776K, reserved 1179648K
  class space    used 8772K, committed 9408K, reserved 1048576K
}
Event: 69,567 GC heap after
{Heap after GC invocations=193 (full 13):
 PSYoungGen      total 48128K, used 5117K [0x00000000eab00000, 0x00000000ee700000, 0x0000000100000000)
  eden space 43008K, 0% used [0x00000000eab00000,0x00000000eab00000,0x00000000ed500000)
  from space 5120K, 99% used [0x00000000ee200000,0x00000000ee6ff7b8,0x00000000ee700000)
  to   space 6144K, 0% used [0x00000000edb00000,0x00000000edb00000,0x00000000ee100000)
 ParOldGen       total 590848K, used 552601K [0x00000000c0000000, 0x00000000e4100000, 0x00000000eab00000)
  object space 590848K, 93% used [0x00000000c0000000,0x00000000e1ba64a8,0x00000000e4100000)
 Metaspace       used 82313K, committed 83776K, reserved 1179648K
  class space    used 8772K, committed 9408K, reserved 1048576K
}
Event: 69,849 GC heap before
{Heap before GC invocations=194 (full 13):
 PSYoungGen      total 48128K, used 48125K [0x00000000eab00000, 0x00000000ee700000, 0x0000000100000000)
  eden space 43008K, 100% used [0x00000000eab00000,0x00000000ed500000,0x00000000ed500000)
  from space 5120K, 99% used [0x00000000ee200000,0x00000000ee6ff7b8,0x00000000ee700000)
  to   space 6144K, 0% used [0x00000000edb00000,0x00000000edb00000,0x00000000ee100000)
 ParOldGen       total 590848K, used 552601K [0x00000000c0000000, 0x00000000e4100000, 0x00000000eab00000)
  object space 590848K, 93% used [0x00000000c0000000,0x00000000e1ba64a8,0x00000000e4100000)
 Metaspace       used 82314K, committed 83776K, reserved 1179648K
  class space    used 8772K, committed 9408K, reserved 1048576K
}
Event: 69,864 GC heap after
{Heap after GC invocations=194 (full 13):
 PSYoungGen      total 46080K, used 3098K [0x00000000eab00000, 0x00000000ee280000, 0x0000000100000000)
  eden space 42496K, 0% used [0x00000000eab00000,0x00000000eab00000,0x00000000ed480000)
  from space 3584K, 86% used [0x00000000edb00000,0x00000000ede068e0,0x00000000ede80000)
  to   space 4096K, 0% used [0x00000000ede80000,0x00000000ede80000,0x00000000ee280000)
 ParOldGen       total 590848K, used 553823K [0x00000000c0000000, 0x00000000e4100000, 0x00000000eab00000)
  object space 590848K, 93% used [0x00000000c0000000,0x00000000e1cd7cd0,0x00000000e4100000)
 Metaspace       used 82314K, committed 83776K, reserved 1179648K
  class space    used 8772K, committed 9408K, reserved 1048576K
}
Event: 70,298 GC heap before
{Heap before GC invocations=195 (full 13):
 PSYoungGen      total 46080K, used 45594K [0x00000000eab00000, 0x00000000ee280000, 0x0000000100000000)
  eden space 42496K, 100% used [0x00000000eab00000,0x00000000ed480000,0x00000000ed480000)
  from space 3584K, 86% used [0x00000000edb00000,0x00000000ede068e0,0x00000000ede80000)
  to   space 4096K, 0% used [0x00000000ede80000,0x00000000ede80000,0x00000000ee280000)
 ParOldGen       total 590848K, used 553823K [0x00000000c0000000, 0x00000000e4100000, 0x00000000eab00000)
  object space 590848K, 93% used [0x00000000c0000000,0x00000000e1cd7cd0,0x00000000e4100000)
 Metaspace       used 82314K, committed 83776K, reserved 1179648K
  class space    used 8772K, committed 9408K, reserved 1048576K
}
Event: 70,314 GC heap after
{Heap after GC invocations=195 (full 13):
 PSYoungGen      total 45568K, used 3471K [0x00000000eab00000, 0x00000000ee200000, 0x0000000100000000)
  eden space 41984K, 0% used [0x00000000eab00000,0x00000000eab00000,0x00000000ed400000)
  from space 3584K, 96% used [0x00000000ede80000,0x00000000ee1e3fd0,0x00000000ee200000)
  to   space 3584K, 0% used [0x00000000edb00000,0x00000000edb00000,0x00000000ede80000)
 ParOldGen       total 590848K, used 553823K [0x00000000c0000000, 0x00000000e4100000, 0x00000000eab00000)
  object space 590848K, 93% used [0x00000000c0000000,0x00000000e1cd7cd0,0x00000000e4100000)
 Metaspace       used 82314K, committed 83776K, reserved 1179648K
  class space    used 8772K, committed 9408K, reserved 1048576K
}
Event: 70,687 GC heap before
{Heap before GC invocations=196 (full 13):
 PSYoungGen      total 45568K, used 45455K [0x00000000eab00000, 0x00000000ee200000, 0x0000000100000000)
  eden space 41984K, 100% used [0x00000000eab00000,0x00000000ed400000,0x00000000ed400000)
  from space 3584K, 96% used [0x00000000ede80000,0x00000000ee1e3fd0,0x00000000ee200000)
  to   space 3584K, 0% used [0x00000000edb00000,0x00000000edb00000,0x00000000ede80000)
 ParOldGen       total 590848K, used 553823K [0x00000000c0000000, 0x00000000e4100000, 0x00000000eab00000)
  object space 590848K, 93% used [0x00000000c0000000,0x00000000e1cd7cd0,0x00000000e4100000)
 Metaspace       used 82316K, committed 83776K, reserved 1179648K
  class space    used 8772K, committed 9408K, reserved 1048576K
}
Event: 70,701 GC heap after
{Heap after GC invocations=196 (full 13):
 PSYoungGen      total 45056K, used 3555K [0x00000000eab00000, 0x00000000edf00000, 0x0000000100000000)
  eden space 41472K, 0% used [0x00000000eab00000,0x00000000eab00000,0x00000000ed380000)
  from space 3584K, 99% used [0x00000000edb00000,0x00000000ede78d28,0x00000000ede80000)
  to   space 512K, 0% used [0x00000000ede80000,0x00000000ede80000,0x00000000edf00000)
 ParOldGen       total 590848K, used 554906K [0x00000000c0000000, 0x00000000e4100000, 0x00000000eab00000)
  object space 590848K, 93% used [0x00000000c0000000,0x00000000e1de6ba8,0x00000000e4100000)
 Metaspace       used 82316K, committed 83776K, reserved 1179648K
  class space    used 8772K, committed 9408K, reserved 1048576K
}
Event: 71,098 GC heap before
{Heap before GC invocations=197 (full 13):
 PSYoungGen      total 45056K, used 45027K [0x00000000eab00000, 0x00000000edf00000, 0x0000000100000000)
  eden space 41472K, 100% used [0x00000000eab00000,0x00000000ed380000,0x00000000ed380000)
  from space 3584K, 99% used [0x00000000edb00000,0x00000000ede78d28,0x00000000ede80000)
  to   space 512K, 0% used [0x00000000ede80000,0x00000000ede80000,0x00000000edf00000)
 ParOldGen       total 590848K, used 554906K [0x00000000c0000000, 0x00000000e4100000, 0x00000000eab00000)
  object space 590848K, 93% used [0x00000000c0000000,0x00000000e1de6ba8,0x00000000e4100000)
 Metaspace       used 82328K, committed 83776K, reserved 1179648K
  class space    used 8772K, committed 9408K, reserved 1048576K
}
Event: 71,124 GC heap after
{Heap after GC invocations=197 (full 13):
 PSYoungGen      total 39936K, used 512K [0x00000000eab00000, 0x00000000eed00000, 0x0000000100000000)
  eden space 39424K, 0% used [0x00000000eab00000,0x00000000eab00000,0x00000000ed180000)
  from space 512K, 100% used [0x00000000ede80000,0x00000000edf00000,0x00000000edf00000)
  to   space 13312K, 0% used [0x00000000ed180000,0x00000000ed180000,0x00000000ede80000)
 ParOldGen       total 590848K, used 566153K [0x00000000c0000000, 0x00000000e4100000, 0x00000000eab00000)
  object space 590848K, 95% used [0x00000000c0000000,0x00000000e28e2620,0x00000000e4100000)
 Metaspace       used 82328K, committed 83776K, reserved 1179648K
  class space    used 8772K, committed 9408K, reserved 1048576K
}
Event: 71,581 GC heap before
{Heap before GC invocations=198 (full 13):
 PSYoungGen      total 39936K, used 39936K [0x00000000eab00000, 0x00000000eed00000, 0x0000000100000000)
  eden space 39424K, 100% used [0x00000000eab00000,0x00000000ed180000,0x00000000ed180000)
  from space 512K, 100% used [0x00000000ede80000,0x00000000edf00000,0x00000000edf00000)
  to   space 13312K, 0% used [0x00000000ed180000,0x00000000ed180000,0x00000000ede80000)
 ParOldGen       total 590848K, used 566153K [0x00000000c0000000, 0x00000000e4100000, 0x00000000eab00000)
  object space 590848K, 95% used [0x00000000c0000000,0x00000000e28e2620,0x00000000e4100000)
 Metaspace       used 82329K, committed 83776K, reserved 1179648K
  class space    used 8772K, committed 9408K, reserved 1048576K
}
Event: 71,606 GC heap after
{Heap after GC invocations=198 (full 13):
 PSYoungGen      total 51712K, used 12639K [0x00000000eab00000, 0x00000000eeb00000, 0x0000000100000000)
  eden space 38912K, 0% used [0x00000000eab00000,0x00000000eab00000,0x00000000ed100000)
  from space 12800K, 98% used [0x00000000ed180000,0x00000000eddd7e40,0x00000000ede00000)
  to   space 13312K, 0% used [0x00000000ede00000,0x00000000ede00000,0x00000000eeb00000)
 ParOldGen       total 590848K, used 566417K [0x00000000c0000000, 0x00000000e4100000, 0x00000000eab00000)
  object space 590848K, 95% used [0x00000000c0000000,0x00000000e2924620,0x00000000e4100000)
 Metaspace       used 82329K, committed 83776K, reserved 1179648K
  class space    used 8772K, committed 9408K, reserved 1048576K
}

