# JRE version: OpenJDK Runtime Environment Temurin-17.0.8.1+1 (17.0.8.1+1) (build 17.0.8.1+1)
# Java VM: OpenJDK 64-Bit Server VM Temurin-17.0.8.1+1 (17.0.8.1+1, mixed mode, tiered, compressed oops, compressed class ptrs, parallel gc, linux-amd64)
GC Precious Log:
 CPUs: 8 total, 8 available
 Memory: 15835M
 Large Page Support: Disabled
 NUMA Support: Disabled
 Compressed Oops: Enabled (32-bit)
 Alignments: Space 512K, Generation 512K, Heap 2M
 Heap Min Capacity: 100M
 Heap Initial Capacity: 100M
 Heap Max Capacity: 1G
 Pre-touch: Disabled
 Parallel Workers: 8
Heap:
 PSYoungGen      total 21504K, used 9111K [0x00000000eab00000, 0x00000000ec100000, 0x0000000100000000)
  eden space 19968K, 43% used [0x00000000eab00000,0x00000000eb37df18,0x00000000ebe80000)
  from space 1536K, 27% used [0x00000000ebe80000,0x00000000ebee8000,0x00000000ec000000)
  to   space 1024K, 0% used [0x00000000ec000000,0x00000000ec000000,0x00000000ec100000)
 ParOldGen       total 68608K, used 37074K [0x00000000c0000000, 0x00000000c4300000, 0x00000000eab00000)
  object space 68608K, 54% used [0x00000000c0000000,0x00000000c2434b10,0x00000000c4300000)
 Metaspace       used 56465K, committed 57536K, reserved 1114112K
  class space    used 6189K, committed 6656K, reserved 1048576K
GC Heap History (20 events):
Event: 13,755 GC heap before
{Heap before GC invocations=18 (full 2):
 PSYoungGen      total 24064K, used 23640K [0x00000000eab00000, 0x00000000ec480000, 0x0000000100000000)
  eden space 22016K, 100% used [0x00000000eab00000,0x00000000ec080000,0x00000000ec080000)
  from space 2048K, 79% used [0x00000000ec080000,0x00000000ec216338,0x00000000ec280000)
  to   space 2048K, 0% used [0x00000000ec280000,0x00000000ec280000,0x00000000ec480000)
 ParOldGen       total 68608K, used 19520K [0x00000000c0000000, 0x00000000c4300000, 0x00000000eab00000)
  object space 68608K, 28% used [0x00000000c0000000,0x00000000c13103e8,0x00000000c4300000)
 Metaspace       used 51332K, committed 52352K, reserved 1114112K
  class space    used 5639K, committed 6080K, reserved 1048576K
}
Event: 13,760 GC heap after
{Heap after GC invocations=18 (full 2):
 PSYoungGen      total 22016K, used 2016K [0x00000000eab00000, 0x00000000ec880000, 0x0000000100000000)
  eden space 19968K, 0% used [0x00000000eab00000,0x00000000eab00000,0x00000000ebe80000)
  from space 2048K, 98% used [0x00000000ec280000,0x00000000ec478020,0x00000000ec480000)
  to   space 4096K, 0% used [0x00000000ebe80000,0x00000000ebe80000,0x00000000ec280000)
 ParOldGen       total 68608K, used 21046K [0x00000000c0000000, 0x00000000c4300000, 0x00000000eab00000)
  object space 68608K, 30% used [0x00000000c0000000,0x00000000c148dab8,0x00000000c4300000)
 Metaspace       used 51332K, committed 52352K, reserved 1114112K
  class space    used 5639K, committed 6080K, reserved 1048576K
}
Event: 13,893 GC heap before
{Heap before GC invocations=19 (full 2):
 PSYoungGen      total 22016K, used 21984K [0x00000000eab00000, 0x00000000ec880000, 0x0000000100000000)
  eden space 19968K, 100% used [0x00000000eab00000,0x00000000ebe80000,0x00000000ebe80000)
  from space 2048K, 98% used [0x00000000ec280000,0x00000000ec478020,0x00000000ec480000)
  to   space 4096K, 0% used [0x00000000ebe80000,0x00000000ebe80000,0x00000000ec280000)
 ParOldGen       total 68608K, used 21046K [0x00000000c0000000, 0x00000000c4300000, 0x00000000eab00000)
  object space 68608K, 30% used [0x00000000c0000000,0x00000000c148dab8,0x00000000c4300000)
 Metaspace       used 51378K, committed 52352K, reserved 1114112K
  class space    used 5641K, committed 6080K, reserved 1048576K
}
Event: 13,898 GC heap after
{Heap after GC invocations=19 (full 2):
 PSYoungGen      total 22016K, used 1856K [0x00000000eab00000, 0x00000000ec380000, 0x0000000100000000)
  eden space 19968K, 0% used [0x00000000eab00000,0x00000000eab00000,0x00000000ebe80000)
  from space 2048K, 90% used [0x00000000ebe80000,0x00000000ec050000,0x00000000ec080000)
  to   space 2560K, 0% used [0x00000000ec100000,0x00000000ec100000,0x00000000ec380000)
 ParOldGen       total 68608K, used 22998K [0x00000000c0000000, 0x00000000c4300000, 0x00000000eab00000)
  object space 68608K, 33% used [0x00000000c0000000,0x00000000c1675ad8,0x00000000c4300000)
 Metaspace       used 51378K, committed 52352K, reserved 1114112K
  class space    used 5641K, committed 6080K, reserved 1048576K
}
Event: 14,010 GC heap before
{Heap before GC invocations=20 (full 2):
 PSYoungGen      total 22016K, used 21824K [0x00000000eab00000, 0x00000000ec380000, 0x0000000100000000)
  eden space 19968K, 100% used [0x00000000eab00000,0x00000000ebe80000,0x00000000ebe80000)
  from space 2048K, 90% used [0x00000000ebe80000,0x00000000ec050000,0x00000000ec080000)
  to   space 2560K, 0% used [0x00000000ec100000,0x00000000ec100000,0x00000000ec380000)
 ParOldGen       total 68608K, used 22998K [0x00000000c0000000, 0x00000000c4300000, 0x00000000eab00000)
  object space 68608K, 33% used [0x00000000c0000000,0x00000000c1675ad8,0x00000000c4300000)
 Metaspace       used 51467K, committed 52480K, reserved 1114112K
  class space    used 5644K, committed 6080K, reserved 1048576K
}
Event: 14,016 GC heap after
{Heap after GC invocations=20 (full 2):
 PSYoungGen      total 22528K, used 2080K [0x00000000eab00000, 0x00000000ec380000, 0x0000000100000000)
  eden space 19968K, 0% used [0x00000000eab00000,0x00000000eab00000,0x00000000ebe80000)
  from space 2560K, 81% used [0x00000000ec100000,0x00000000ec308010,0x00000000ec380000)
  to   space 2560K, 0% used [0x00000000ebe80000,0x00000000ebe80000,0x00000000ec100000)
 ParOldGen       total 68608K, used 24758K [0x00000000c0000000, 0x00000000c4300000, 0x00000000eab00000)
  object space 68608K, 36% used [0x00000000c0000000,0x00000000c182dad8,0x00000000c4300000)
 Metaspace       used 51467K, committed 52480K, reserved 1114112K
  class space    used 5644K, committed 6080K, reserved 1048576K
}
Event: 14,142 GC heap before
{Heap before GC invocations=21 (full 2):
 PSYoungGen      total 22528K, used 22048K [0x00000000eab00000, 0x00000000ec380000, 0x0000000100000000)
  eden space 19968K, 100% used [0x00000000eab00000,0x00000000ebe80000,0x00000000ebe80000)
  from space 2560K, 81% used [0x00000000ec100000,0x00000000ec308010,0x00000000ec380000)
  to   space 2560K, 0% used [0x00000000ebe80000,0x00000000ebe80000,0x00000000ec100000)
 ParOldGen       total 68608K, used 24758K [0x00000000c0000000, 0x00000000c4300000, 0x00000000eab00000)
  object space 68608K, 36% used [0x00000000c0000000,0x00000000c182dad8,0x00000000c4300000)
 Metaspace       used 51519K, committed 52480K, reserved 1114112K
  class space    used 5656K, committed 6080K, reserved 1048576K
}
Event: 14,148 GC heap after
{Heap after GC invocations=21 (full 2):
 PSYoungGen      total 22528K, used 2464K [0x00000000eab00000, 0x00000000ec380000, 0x0000000100000000)
  eden space 19968K, 0% used [0x00000000eab00000,0x00000000eab00000,0x00000000ebe80000)
  from space 2560K, 96% used [0x00000000ebe80000,0x00000000ec0e8010,0x00000000ec100000)
  to   space 2560K, 0% used [0x00000000ec100000,0x00000000ec100000,0x00000000ec380000)
 ParOldGen       total 68608K, used 26705K [0x00000000c0000000, 0x00000000c4300000, 0x00000000eab00000)
  object space 68608K, 38% used [0x00000000c0000000,0x00000000c1a14600,0x00000000c4300000)
 Metaspace       used 51519K, committed 52480K, reserved 1114112K
  class space    used 5656K, committed 6080K, reserved 1048576K
}
Event: 14,219 GC heap before
{Heap before GC invocations=22 (full 2):
 PSYoungGen      total 22528K, used 22432K [0x00000000eab00000, 0x00000000ec380000, 0x0000000100000000)
  eden space 19968K, 100% used [0x00000000eab00000,0x00000000ebe80000,0x00000000ebe80000)
  from space 2560K, 96% used [0x00000000ebe80000,0x00000000ec0e8010,0x00000000ec100000)
  to   space 2560K, 0% used [0x00000000ec100000,0x00000000ec100000,0x00000000ec380000)
 ParOldGen       total 68608K, used 26705K [0x00000000c0000000, 0x00000000c4300000, 0x00000000eab00000)
  object space 68608K, 38% used [0x00000000c0000000,0x00000000c1a14600,0x00000000c4300000)
 Metaspace       used 51519K, committed 52480K, reserved 1114112K
  class space    used 5656K, committed 6080K, reserved 1048576K
}
Event: 14,228 GC heap after
{Heap after GC invocations=22 (full 2):
 PSYoungGen      total 22528K, used 2432K [0x00000000eab00000, 0x00000000ec380000, 0x0000000100000000)
  eden space 19968K, 0% used [0x00000000eab00000,0x00000000eab00000,0x00000000ebe80000)
  from space 2560K, 95% used [0x00000000ec100000,0x00000000ec360010,0x00000000ec380000)
  to   space 2560K, 0% used [0x00000000ebe80000,0x00000000ebe80000,0x00000000ec100000)
 ParOldGen       total 68608K, used 29044K [0x00000000c0000000, 0x00000000c4300000, 0x00000000eab00000)
  object space 68608K, 42% used [0x00000000c0000000,0x00000000c1c5d398,0x00000000c4300000)
 Metaspace       used 51519K, committed 52480K, reserved 1114112K
  class space    used 5656K, committed 6080K, reserved 1048576K
}
Event: 14,331 GC heap before
{Heap before GC invocations=23 (full 2):
 PSYoungGen      total 22528K, used 22400K [0x00000000eab00000, 0x00000000ec380000, 0x0000000100000000)
  eden space 19968K, 100% used [0x00000000eab00000,0x00000000ebe80000,0x00000000ebe80000)
  from space 2560K, 95% used [0x00000000ec100000,0x00000000ec360010,0x00000000ec380000)
  to   space 2560K, 0% used [0x00000000ebe80000,0x00000000ebe80000,0x00000000ec100000)
 ParOldGen       total 68608K, used 29044K [0x00000000c0000000, 0x00000000c4300000, 0x00000000eab00000)
  object space 68608K, 42% used [0x00000000c0000000,0x00000000c1c5d398,0x00000000c4300000)
 Metaspace       used 51519K, committed 52480K, reserved 1114112K
  class space    used 5656K, committed 6080K, reserved 1048576K
}
Event: 14,341 GC heap after
{Heap after GC invocations=23 (full 2):
 PSYoungGen      total 22528K, used 2048K [0x00000000eab00000, 0x00000000ec380000, 0x0000000100000000)
  eden space 19968K, 0% used [0x00000000eab00000,0x00000000eab00000,0x00000000ebe80000)
  from space 2560K, 80% used [0x00000000ebe80000,0x00000000ec080000,0x00000000ec100000)
  to   space 2560K, 0% used [0x00000000ec100000,0x00000000ec100000,0x00000000ec380000)
 ParOldGen       total 68608K, used 31355K [0x00000000c0000000, 0x00000000c4300000, 0x00000000eab00000)
  object space 68608K, 45% used [0x00000000c0000000,0x00000000c1e9ec28,0x00000000c4300000)
 Metaspace       used 51519K, committed 52480K, reserved 1114112K
  class space    used 5656K, committed 6080K, reserved 1048576K
}
Event: 14,685 GC heap before
{Heap before GC invocations=24 (full 2):
 PSYoungGen      total 22528K, used 22016K [0x00000000eab00000, 0x00000000ec380000, 0x0000000100000000)
  eden space 19968K, 100% used [0x00000000eab00000,0x00000000ebe80000,0x00000000ebe80000)
  from space 2560K, 80% used [0x00000000ebe80000,0x00000000ec080000,0x00000000ec100000)
  to   space 2560K, 0% used [0x00000000ec100000,0x00000000ec100000,0x00000000ec380000)
 ParOldGen       total 68608K, used 31355K [0x00000000c0000000, 0x00000000c4300000, 0x00000000eab00000)
  object space 68608K, 45% used [0x00000000c0000000,0x00000000c1e9ec28,0x00000000c4300000)
 Metaspace       used 51867K, committed 52928K, reserved 1114112K
  class space    used 5687K, committed 6144K, reserved 1048576K
}
Event: 14,706 GC heap after
{Heap after GC invocations=24 (full 2):
 PSYoungGen      total 22528K, used 2317K [0x00000000eab00000, 0x00000000ec380000, 0x0000000100000000)
  eden space 19968K, 0% used [0x00000000eab00000,0x00000000eab00000,0x00000000ebe80000)
  from space 2560K, 90% used [0x00000000ec100000,0x00000000ec343668,0x00000000ec380000)
  to   space 2560K, 0% used [0x00000000ebe80000,0x00000000ebe80000,0x00000000ec100000)
 ParOldGen       total 68608K, used 33331K [0x00000000c0000000, 0x00000000c4300000, 0x00000000eab00000)
  object space 68608K, 48% used [0x00000000c0000000,0x00000000c208cc28,0x00000000c4300000)
 Metaspace       used 51867K, committed 52928K, reserved 1114112K
  class space    used 5687K, committed 6144K, reserved 1048576K
}
Event: 15,636 GC heap before
{Heap before GC invocations=25 (full 2):
 PSYoungGen      total 22528K, used 22285K [0x00000000eab00000, 0x00000000ec380000, 0x0000000100000000)
  eden space 19968K, 100% used [0x00000000eab00000,0x00000000ebe80000,0x00000000ebe80000)
  from space 2560K, 90% used [0x00000000ec100000,0x00000000ec343668,0x00000000ec380000)
  to   space 2560K, 0% used [0x00000000ebe80000,0x00000000ebe80000,0x00000000ec100000)
 ParOldGen       total 68608K, used 33331K [0x00000000c0000000, 0x00000000c4300000, 0x00000000eab00000)
  object space 68608K, 48% used [0x00000000c0000000,0x00000000c208cc28,0x00000000c4300000)
 Metaspace       used 52941K, committed 53952K, reserved 1114112K
  class space    used 5791K, committed 6272K, reserved 1048576K
}
Event: 15,653 GC heap after
{Heap after GC invocations=25 (full 2):
 PSYoungGen      total 21504K, used 1499K [0x00000000eab00000, 0x00000000ec280000, 0x0000000100000000)
  eden space 19968K, 0% used [0x00000000eab00000,0x00000000eab00000,0x00000000ebe80000)
  from space 1536K, 97% used [0x00000000ebe80000,0x00000000ebff6d80,0x00000000ec000000)
  to   space 2048K, 0% used [0x00000000ec080000,0x00000000ec080000,0x00000000ec280000)
 ParOldGen       total 68608K, used 35399K [0x00000000c0000000, 0x00000000c4300000, 0x00000000eab00000)
  object space 68608K, 51% used [0x00000000c0000000,0x00000000c2291f80,0x00000000c4300000)
 Metaspace       used 52941K, committed 53952K, reserved 1114112K
  class space    used 5791K, committed 6272K, reserved 1048576K
}
Event: 16,282 GC heap before
{Heap before GC invocations=26 (full 2):
 PSYoungGen      total 21504K, used 21467K [0x00000000eab00000, 0x00000000ec280000, 0x0000000100000000)
  eden space 19968K, 99% used [0x00000000eab00000,0x00000000ebe7ffe8,0x00000000ebe80000)
  from space 1536K, 97% used [0x00000000ebe80000,0x00000000ebff6d80,0x00000000ec000000)
  to   space 2048K, 0% used [0x00000000ec080000,0x00000000ec080000,0x00000000ec280000)
 ParOldGen       total 68608K, used 35399K [0x00000000c0000000, 0x00000000c4300000, 0x00000000eab00000)
  object space 68608K, 51% used [0x00000000c0000000,0x00000000c2291f80,0x00000000c4300000)
 Metaspace       used 54930K, committed 56000K, reserved 1114112K
  class space    used 6031K, committed 6528K, reserved 1048576K
}
Event: 16,298 GC heap after
{Heap after GC invocations=26 (full 2):
 PSYoungGen      total 20992K, used 856K [0x00000000eab00000, 0x00000000ec180000, 0x0000000100000000)
  eden space 19968K, 0% used [0x00000000eab00000,0x00000000eab00000,0x00000000ebe80000)
  from space 1024K, 83% used [0x00000000ec080000,0x00000000ec156098,0x00000000ec180000)
  to   space 1536K, 0% used [0x00000000ebe80000,0x00000000ebe80000,0x00000000ec000000)
 ParOldGen       total 68608K, used 36359K [0x00000000c0000000, 0x00000000c4300000, 0x00000000eab00000)
  object space 68608K, 52% used [0x00000000c0000000,0x00000000c2381f80,0x00000000c4300000)
 Metaspace       used 54930K, committed 56000K, reserved 1114112K
  class space    used 6031K, committed 6528K, reserved 1048576K
}
Event: 16,627 GC heap before
{Heap before GC invocations=27 (full 2):
 PSYoungGen      total 20992K, used 20824K [0x00000000eab00000, 0x00000000ec180000, 0x0000000100000000)
  eden space 19968K, 100% used [0x00000000eab00000,0x00000000ebe80000,0x00000000ebe80000)
  from space 1024K, 83% used [0x00000000ec080000,0x00000000ec156098,0x00000000ec180000)
  to   space 1536K, 0% used [0x00000000ebe80000,0x00000000ebe80000,0x00000000ec000000)
 ParOldGen       total 68608K, used 36359K [0x00000000c0000000, 0x00000000c4300000, 0x00000000eab00000)
  object space 68608K, 52% used [0x00000000c0000000,0x00000000c2381f80,0x00000000c4300000)
 Metaspace       used 55720K, committed 56768K, reserved 1114112K
  class space    used 6127K, committed 6592K, reserved 1048576K
}
Event: 16,634 GC heap after
{Heap after GC invocations=27 (full 2):
 PSYoungGen      total 21504K, used 416K [0x00000000eab00000, 0x00000000ec100000, 0x0000000100000000)
  eden space 19968K, 0% used [0x00000000eab00000,0x00000000eab00000,0x00000000ebe80000)
  from space 1536K, 27% used [0x00000000ebe80000,0x00000000ebee8000,0x00000000ec000000)
  to   space 1024K, 0% used [0x00000000ec000000,0x00000000ec000000,0x00000000ec100000)
 ParOldGen       total 68608K, used 37074K [0x00000000c0000000, 0x00000000c4300000, 0x00000000eab00000)
  object space 68608K, 54% used [0x00000000c0000000,0x00000000c2434b10,0x00000000c4300000)
 Metaspace       used 55720K, committed 56768K, reserved 1114112K
  class space    used 6127K, committed 6592K, reserved 1048576K
}

