# JRE version: OpenJDK Runtime Environment Temurin-17.0.8.1+1 (17.0.8.1+1) (build 17.0.8.1+1)
# Java VM: OpenJDK 64-Bit Server VM Temurin-17.0.8.1+1 (17.0.8.1+1, mixed mode, tiered, compressed oops, compressed class ptrs, parallel gc, linux-amd64)
GC Precious Log:
 CPUs: 8 total, 8 available
 Memory: 15835M
 Large Page Support: Disabled
 NUMA Support: Disabled
 Compressed Oops: Enabled (32-bit)
 Alignments: Space 512K, Generation 512K, Heap 2M
 Heap Min Capacity: 100M
 Heap Initial Capacity: 100M
 Heap Max Capacity: 1G
 Pre-touch: Disabled
 Parallel Workers: 8
Heap:
 PSYoungGen      total 22528K, used 1099K [0x00000000eab00000, 0x00000000ec580000, 0x0000000100000000)
  eden space 21504K, 1% used [0x00000000eab00000,0x00000000eab40648,0x00000000ec000000)
  from space 1024K, 82% used [0x00000000ec480000,0x00000000ec552870,0x00000000ec580000)
  to   space 2048K, 0% used [0x00000000ec180000,0x00000000ec180000,0x00000000ec380000)
 ParOldGen       total 68608K, used 35541K [0x00000000c0000000, 0x00000000c4300000, 0x00000000eab00000)
  object space 68608K, 51% used [0x00000000c0000000,0x00000000c22b5618,0x00000000c4300000)
 Metaspace       used 48679K, committed 49472K, reserved 1114112K
  class space    used 4940K, committed 5312K, reserved 1048576K
GC Heap History (20 events):
Event: 25,982 GC heap before
{Heap before GC invocations=19 (full 2):
 PSYoungGen      total 22528K, used 22488K [0x00000000eab00000, 0x00000000ec680000, 0x0000000100000000)
  eden space 21504K, 100% used [0x00000000eab00000,0x00000000ec000000,0x00000000ec000000)
  from space 1024K, 96% used [0x00000000ec580000,0x00000000ec676098,0x00000000ec680000)
  to   space 2560K, 0% used [0x00000000ec180000,0x00000000ec180000,0x00000000ec400000)
 ParOldGen       total 68608K, used 26758K [0x00000000c0000000, 0x00000000c4300000, 0x00000000eab00000)
  object space 68608K, 39% used [0x00000000c0000000,0x00000000c1a218d8,0x00000000c4300000)
 Metaspace       used 41904K, committed 42624K, reserved 1114112K
  class space    used 4302K, committed 4608K, reserved 1048576K
}
Event: 25,991 GC heap after
{Heap after GC invocations=19 (full 2):
 PSYoungGen      total 24064K, used 352K [0x00000000eab00000, 0x00000000ec600000, 0x0000000100000000)
  eden space 21504K, 0% used [0x00000000eab00000,0x00000000eab00000,0x00000000ec000000)
  from space 2560K, 13% used [0x00000000ec180000,0x00000000ec1d8000,0x00000000ec400000)
  to   space 1024K, 0% used [0x00000000ec500000,0x00000000ec500000,0x00000000ec600000)
 ParOldGen       total 68608K, used 27622K [0x00000000c0000000, 0x00000000c4300000, 0x00000000eab00000)
  object space 68608K, 40% used [0x00000000c0000000,0x00000000c1af9b10,0x00000000c4300000)
 Metaspace       used 41904K, committed 42624K, reserved 1114112K
  class space    used 4302K, committed 4608K, reserved 1048576K
}
Event: 26,497 GC heap before
{Heap before GC invocations=20 (full 2):
 PSYoungGen      total 24064K, used 21856K [0x00000000eab00000, 0x00000000ec600000, 0x0000000100000000)
  eden space 21504K, 100% used [0x00000000eab00000,0x00000000ec000000,0x00000000ec000000)
  from space 2560K, 13% used [0x00000000ec180000,0x00000000ec1d8000,0x00000000ec400000)
  to   space 1024K, 0% used [0x00000000ec500000,0x00000000ec500000,0x00000000ec600000)
 ParOldGen       total 68608K, used 27622K [0x00000000c0000000, 0x00000000c4300000, 0x00000000eab00000)
  object space 68608K, 40% used [0x00000000c0000000,0x00000000c1af9b10,0x00000000c4300000)
 Metaspace       used 42972K, committed 43712K, reserved 1114112K
  class space    used 4390K, committed 4736K, reserved 1048576K
}
Event: 26,511 GC heap after
{Heap after GC invocations=20 (full 2):
 PSYoungGen      total 22528K, used 1001K [0x00000000eab00000, 0x00000000ec600000, 0x0000000100000000)
  eden space 21504K, 0% used [0x00000000eab00000,0x00000000eab00000,0x00000000ec000000)
  from space 1024K, 97% used [0x00000000ec500000,0x00000000ec5fa718,0x00000000ec600000)
  to   space 3072K, 0% used [0x00000000ec000000,0x00000000ec000000,0x00000000ec300000)
 ParOldGen       total 68608K, used 29263K [0x00000000c0000000, 0x00000000c4300000, 0x00000000eab00000)
  object space 68608K, 42% used [0x00000000c0000000,0x00000000c1c93f40,0x00000000c4300000)
 Metaspace       used 42972K, committed 43712K, reserved 1114112K
  class space    used 4390K, committed 4736K, reserved 1048576K
}
Event: 26,921 GC heap before
{Heap before GC invocations=21 (full 2):
 PSYoungGen      total 22528K, used 22505K [0x00000000eab00000, 0x00000000ec600000, 0x0000000100000000)
  eden space 21504K, 100% used [0x00000000eab00000,0x00000000ec000000,0x00000000ec000000)
  from space 1024K, 97% used [0x00000000ec500000,0x00000000ec5fa718,0x00000000ec600000)
  to   space 3072K, 0% used [0x00000000ec000000,0x00000000ec000000,0x00000000ec300000)
 ParOldGen       total 68608K, used 29263K [0x00000000c0000000, 0x00000000c4300000, 0x00000000eab00000)
  object space 68608K, 42% used [0x00000000c0000000,0x00000000c1c93f40,0x00000000c4300000)
 Metaspace       used 43122K, committed 43840K, reserved 1114112K
  class space    used 4400K, committed 4736K, reserved 1048576K
}
Event: 26,933 GC heap after
{Heap after GC invocations=21 (full 2):
 PSYoungGen      total 24576K, used 624K [0x00000000eab00000, 0x00000000ec580000, 0x0000000100000000)
  eden space 21504K, 0% used [0x00000000eab00000,0x00000000eab00000,0x00000000ec000000)
  from space 3072K, 20% used [0x00000000ec000000,0x00000000ec09c3c8,0x00000000ec300000)
  to   space 1536K, 0% used [0x00000000ec400000,0x00000000ec400000,0x00000000ec580000)
 ParOldGen       total 68608K, used 29974K [0x00000000c0000000, 0x00000000c4300000, 0x00000000eab00000)
  object space 68608K, 43% used [0x00000000c0000000,0x00000000c1d45a40,0x00000000c4300000)
 Metaspace       used 43122K, committed 43840K, reserved 1114112K
  class space    used 4400K, committed 4736K, reserved 1048576K
}
Event: 27,462 GC heap before
{Heap before GC invocations=22 (full 2):
 PSYoungGen      total 24576K, used 22128K [0x00000000eab00000, 0x00000000ec580000, 0x0000000100000000)
  eden space 21504K, 100% used [0x00000000eab00000,0x00000000ec000000,0x00000000ec000000)
  from space 3072K, 20% used [0x00000000ec000000,0x00000000ec09c3c8,0x00000000ec300000)
  to   space 1536K, 0% used [0x00000000ec400000,0x00000000ec400000,0x00000000ec580000)
 ParOldGen       total 68608K, used 29974K [0x00000000c0000000, 0x00000000c4300000, 0x00000000eab00000)
  object space 68608K, 43% used [0x00000000c0000000,0x00000000c1d45a40,0x00000000c4300000)
 Metaspace       used 44643K, committed 45440K, reserved 1114112K
  class space    used 4553K, committed 4928K, reserved 1048576K
}
Event: 27,470 GC heap after
{Heap after GC invocations=22 (full 2):
 PSYoungGen      total 22528K, used 992K [0x00000000eab00000, 0x00000000ec500000, 0x0000000100000000)
  eden space 21504K, 0% used [0x00000000eab00000,0x00000000eab00000,0x00000000ec000000)
  from space 1024K, 96% used [0x00000000ec400000,0x00000000ec4f8000,0x00000000ec500000)
  to   space 1536K, 0% used [0x00000000ec200000,0x00000000ec200000,0x00000000ec380000)
 ParOldGen       total 68608K, used 30116K [0x00000000c0000000, 0x00000000c4300000, 0x00000000eab00000)
  object space 68608K, 43% used [0x00000000c0000000,0x00000000c1d691e0,0x00000000c4300000)
 Metaspace       used 44643K, committed 45440K, reserved 1114112K
  class space    used 4553K, committed 4928K, reserved 1048576K
}
Event: 27,860 GC heap before
{Heap before GC invocations=23 (full 2):
 PSYoungGen      total 22528K, used 22496K [0x00000000eab00000, 0x00000000ec500000, 0x0000000100000000)
  eden space 21504K, 100% used [0x00000000eab00000,0x00000000ec000000,0x00000000ec000000)
  from space 1024K, 96% used [0x00000000ec400000,0x00000000ec4f8000,0x00000000ec500000)
  to   space 1536K, 0% used [0x00000000ec200000,0x00000000ec200000,0x00000000ec380000)
 ParOldGen       total 68608K, used 30116K [0x00000000c0000000, 0x00000000c4300000, 0x00000000eab00000)
  object space 68608K, 43% used [0x00000000c0000000,0x00000000c1d691e0,0x00000000c4300000)
 Metaspace       used 44976K, committed 45760K, reserved 1114112K
  class space    used 4575K, committed 4928K, reserved 1048576K
}
Event: 27,870 GC heap after
{Heap after GC invocations=23 (full 2):
 PSYoungGen      total 23040K, used 992K [0x00000000eab00000, 0x00000000ec480000, 0x0000000100000000)
  eden space 21504K, 0% used [0x00000000eab00000,0x00000000eab00000,0x00000000ec000000)
  from space 1536K, 64% used [0x00000000ec200000,0x00000000ec2f8000,0x00000000ec380000)
  to   space 1024K, 0% used [0x00000000ec380000,0x00000000ec380000,0x00000000ec480000)
 ParOldGen       total 68608K, used 30345K [0x00000000c0000000, 0x00000000c4300000, 0x00000000eab00000)
  object space 68608K, 44% used [0x00000000c0000000,0x00000000c1da2418,0x00000000c4300000)
 Metaspace       used 44976K, committed 45760K, reserved 1114112K
  class space    used 4575K, committed 4928K, reserved 1048576K
}
Event: 28,166 GC heap before
{Heap before GC invocations=24 (full 2):
 PSYoungGen      total 23040K, used 22496K [0x00000000eab00000, 0x00000000ec480000, 0x0000000100000000)
  eden space 21504K, 100% used [0x00000000eab00000,0x00000000ec000000,0x00000000ec000000)
  from space 1536K, 64% used [0x00000000ec200000,0x00000000ec2f8000,0x00000000ec380000)
  to   space 1024K, 0% used [0x00000000ec380000,0x00000000ec380000,0x00000000ec480000)
 ParOldGen       total 68608K, used 30345K [0x00000000c0000000, 0x00000000c4300000, 0x00000000eab00000)
  object space 68608K, 44% used [0x00000000c0000000,0x00000000c1da2418,0x00000000c4300000)
 Metaspace       used 44978K, committed 45760K, reserved 1114112K
  class space    used 4575K, committed 4928K, reserved 1048576K
}
Event: 28,178 GC heap after
{Heap after GC invocations=24 (full 2):
 PSYoungGen      total 22016K, used 320K [0x00000000eab00000, 0x00000000ec400000, 0x0000000100000000)
  eden space 21504K, 0% used [0x00000000eab00000,0x00000000eab00000,0x00000000ec000000)
  from space 512K, 62% used [0x00000000ec380000,0x00000000ec3d0000,0x00000000ec400000)
  to   space 1024K, 0% used [0x00000000ec200000,0x00000000ec200000,0x00000000ec300000)
 ParOldGen       total 68608K, used 30974K [0x00000000c0000000, 0x00000000c4300000, 0x00000000eab00000)
  object space 68608K, 45% used [0x00000000c0000000,0x00000000c1e3fbb8,0x00000000c4300000)
 Metaspace       used 44978K, committed 45760K, reserved 1114112K
  class space    used 4575K, committed 4928K, reserved 1048576K
}
Event: 28,497 GC heap before
{Heap before GC invocations=25 (full 2):
 PSYoungGen      total 22016K, used 21824K [0x00000000eab00000, 0x00000000ec400000, 0x0000000100000000)
  eden space 21504K, 100% used [0x00000000eab00000,0x00000000ec000000,0x00000000ec000000)
  from space 512K, 62% used [0x00000000ec380000,0x00000000ec3d0000,0x00000000ec400000)
  to   space 1024K, 0% used [0x00000000ec200000,0x00000000ec200000,0x00000000ec300000)
 ParOldGen       total 68608K, used 30974K [0x00000000c0000000, 0x00000000c4300000, 0x00000000eab00000)
  object space 68608K, 45% used [0x00000000c0000000,0x00000000c1e3fbb8,0x00000000c4300000)
 Metaspace       used 45031K, committed 45824K, reserved 1114112K
  class space    used 4580K, committed 4928K, reserved 1048576K
}
Event: 28,505 GC heap after
{Heap after GC invocations=25 (full 2):
 PSYoungGen      total 22528K, used 768K [0x00000000eab00000, 0x00000000ec400000, 0x0000000100000000)
  eden space 21504K, 0% used [0x00000000eab00000,0x00000000eab00000,0x00000000ec000000)
  from space 1024K, 75% used [0x00000000ec200000,0x00000000ec2c0000,0x00000000ec300000)
  to   space 1024K, 0% used [0x00000000ec300000,0x00000000ec300000,0x00000000ec400000)
 ParOldGen       total 68608K, used 31006K [0x00000000c0000000, 0x00000000c4300000, 0x00000000eab00000)
  object space 68608K, 45% used [0x00000000c0000000,0x00000000c1e47bb8,0x00000000c4300000)
 Metaspace       used 45031K, committed 45824K, reserved 1114112K
  class space    used 4580K, committed 4928K, reserved 1048576K
}
Event: 28,657 GC heap before
{Heap before GC invocations=26 (full 2):
 PSYoungGen      total 22528K, used 22272K [0x00000000eab00000, 0x00000000ec400000, 0x0000000100000000)
  eden space 21504K, 100% used [0x00000000eab00000,0x00000000ec000000,0x00000000ec000000)
  from space 1024K, 75% used [0x00000000ec200000,0x00000000ec2c0000,0x00000000ec300000)
  to   space 1024K, 0% used [0x00000000ec300000,0x00000000ec300000,0x00000000ec400000)
 ParOldGen       total 68608K, used 31006K [0x00000000c0000000, 0x00000000c4300000, 0x00000000eab00000)
  object space 68608K, 45% used [0x00000000c0000000,0x00000000c1e47bb8,0x00000000c4300000)
 Metaspace       used 45233K, committed 46016K, reserved 1114112K
  class space    used 4591K, committed 4928K, reserved 1048576K
}
Event: 28,675 GC heap after
{Heap after GC invocations=26 (full 2):
 PSYoungGen      total 22528K, used 1024K [0x00000000eab00000, 0x00000000ec400000, 0x0000000100000000)
  eden space 21504K, 0% used [0x00000000eab00000,0x00000000eab00000,0x00000000ec000000)
  from space 1024K, 100% used [0x00000000ec300000,0x00000000ec400000,0x00000000ec400000)
  to   space 1536K, 0% used [0x00000000ec100000,0x00000000ec100000,0x00000000ec280000)
 ParOldGen       total 68608K, used 31654K [0x00000000c0000000, 0x00000000c4300000, 0x00000000eab00000)
  object space 68608K, 46% used [0x00000000c0000000,0x00000000c1ee9938,0x00000000c4300000)
 Metaspace       used 45233K, committed 46016K, reserved 1114112K
  class space    used 4591K, committed 4928K, reserved 1048576K
}
Event: 35,925 GC heap before
{Heap before GC invocations=27 (full 2):
 PSYoungGen      total 22528K, used 22528K [0x00000000eab00000, 0x00000000ec400000, 0x0000000100000000)
  eden space 21504K, 100% used [0x00000000eab00000,0x00000000ec000000,0x00000000ec000000)
  from space 1024K, 100% used [0x00000000ec300000,0x00000000ec400000,0x00000000ec400000)
  to   space 1536K, 0% used [0x00000000ec100000,0x00000000ec100000,0x00000000ec280000)
 ParOldGen       total 68608K, used 31654K [0x00000000c0000000, 0x00000000c4300000, 0x00000000eab00000)
  object space 68608K, 46% used [0x00000000c0000000,0x00000000c1ee9938,0x00000000c4300000)
 Metaspace       used 47696K, committed 48448K, reserved 1114112K
  class space    used 4857K, committed 5184K, reserved 1048576K
}
Event: 35,938 GC heap after
{Heap after GC invocations=27 (full 2):
 PSYoungGen      total 23040K, used 1536K [0x00000000eab00000, 0x00000000ec900000, 0x0000000100000000)
  eden space 21504K, 0% used [0x00000000eab00000,0x00000000eab00000,0x00000000ec000000)
  from space 1536K, 100% used [0x00000000ec100000,0x00000000ec280000,0x00000000ec280000)
  to   space 4608K, 0% used [0x00000000ec480000,0x00000000ec480000,0x00000000ec900000)
 ParOldGen       total 68608K, used 34005K [0x00000000c0000000, 0x00000000c4300000, 0x00000000eab00000)
  object space 68608K, 49% used [0x00000000c0000000,0x00000000c21357e8,0x00000000c4300000)
 Metaspace       used 47696K, committed 48448K, reserved 1114112K
  class space    used 4857K, committed 5184K, reserved 1048576K
}
Event: 131,790 GC heap before
{Heap before GC invocations=28 (full 2):
 PSYoungGen      total 23040K, used 23040K [0x00000000eab00000, 0x00000000ec900000, 0x0000000100000000)
  eden space 21504K, 100% used [0x00000000eab00000,0x00000000ec000000,0x00000000ec000000)
  from space 1536K, 100% used [0x00000000ec100000,0x00000000ec280000,0x00000000ec280000)
  to   space 4608K, 0% used [0x00000000ec480000,0x00000000ec480000,0x00000000ec900000)
 ParOldGen       total 68608K, used 34005K [0x00000000c0000000, 0x00000000c4300000, 0x00000000eab00000)
  object space 68608K, 49% used [0x00000000c0000000,0x00000000c21357e8,0x00000000c4300000)
 Metaspace       used 48663K, committed 49472K, reserved 1114112K
  class space    used 4936K, committed 5312K, reserved 1048576K
}
Event: 131,796 GC heap after
{Heap after GC invocations=28 (full 2):
 PSYoungGen      total 22528K, used 842K [0x00000000eab00000, 0x00000000ec580000, 0x0000000100000000)
  eden space 21504K, 0% used [0x00000000eab00000,0x00000000eab00000,0x00000000ec000000)
  from space 1024K, 82% used [0x00000000ec480000,0x00000000ec552870,0x00000000ec580000)
  to   space 2048K, 0% used [0x00000000ec180000,0x00000000ec180000,0x00000000ec380000)
 ParOldGen       total 68608K, used 35541K [0x00000000c0000000, 0x00000000c4300000, 0x00000000eab00000)
  object space 68608K, 51% used [0x00000000c0000000,0x00000000c22b5618,0x00000000c4300000)
 Metaspace       used 48663K, committed 49472K, reserved 1114112K
  class space    used 4936K, committed 5312K, reserved 1048576K
}

